18:54:13 **** Incremental Build of configuration Nios II for project Lab2_WAVEPLAYER ****
make all 
Info: Building ../Lab2_WAVEPLAYER_bsp/
C:/Software/Altera/15.1/nios2eds/bin/gnu/H-x86_64-mingw32/bin/make --no-print-directory -C ../Lab2_WAVEPLAYER_bsp/
[BSP build complete]
Info: Compiling hello_world.c to obj/default/hello_world.o
nios2-elf-gcc -xc -MP -MMD -c -I../Lab2_WAVEPLAYER_bsp//HAL/inc -I../Lab2_WAVEPLAYER_bsp/ -I../Lab2_WAVEPLAYER_bsp//drivers/inc  -pipe -D__hal__ -DALT_NO_INSTRUCTION_EMULATION -DALT_SINGLE_THREADED -DALTERA_AVALON_JTAG_UART_SMALL    -O0 -g -Wall   -mno-hw-div -mhw-mul -mno-hw-mulx  -o obj/default/hello_world.o hello_world.c
hello_world.c: In function 'writeLCD':
hello_world.c:186:12: warning: unused variable 'display_mode' [-Wunused-variable]
     char * display_mode = malloc(20);
            ^
hello_world.c:174:17: warning: unused variable 'entry' [-Wunused-variable]
     static char entry[4];
                 ^
hello_world.c:173:17: warning: unused variable 'ch' [-Wunused-variable]
     static char ch;
                 ^
hello_world.c: In function 'main':
hello_world.c:254:5: warning: implicit declaration of function 'alt_printf' [-Wimplicit-function-declaration]
     alt_printf ("Error: could not open audio device \n");
     ^
hello_world.c:306:2: warning: implicit declaration of function 'alt_irq_register' [-Wimplicit-function-declaration]
  alt_irq_register(TIMER_0_IRQ, NULL, timer_isr);
  ^
hello_world.c:271:12: warning: unused variable 'name' [-Wunused-variable]
     char * name ="car.wav";
            ^
hello_world.c:242:12: warning: unused variable 'fs' [-Wunused-variable]
     FATFS *fs;                  /* Pointer to file system object */
            ^
hello_world.c:241:33: warning: unused variable 'blk' [-Wunused-variable]
     uint32_t ofs = 0, sect = 0, blk[2];
                                 ^
hello_world.c:241:23: warning: unused variable 'sect' [-Wunused-variable]
     uint32_t ofs = 0, sect = 0, blk[2];
                       ^
hello_world.c:241:14: warning: unused variable 'ofs' [-Wunused-variable]
     uint32_t ofs = 0, sect = 0, blk[2];
              ^
hello_world.c:240:26: warning: unused variable 'ft' [-Wunused-variable]
     static const uint8_t ft[] = { 0, 12, 16, 32 };
                          ^
hello_world.c:239:27: warning: unused variable 'blen' [-Wunused-variable]
     uint32_t s1, s2, cnt, blen = sizeof(Buff);
                           ^
hello_world.c:239:18: warning: unused variable 's2' [-Wunused-variable]
     uint32_t s1, s2, cnt, blen = sizeof(Buff);
                  ^
hello_world.c:239:14: warning: unused variable 's1' [-Wunused-variable]
     uint32_t s1, s2, cnt, blen = sizeof(Buff);
              ^
hello_world.c:238:14: warning: unused variable 'w1' [-Wunused-variable]
     uint16_t w1;
              ^
hello_world.c:237:22: warning: unused variable 'drv' [-Wunused-variable]
     uint8_t res, b1, drv = 0;
                      ^
hello_world.c:237:18: warning: unused variable 'b1' [-Wunused-variable]
     uint8_t res, b1, drv = 0;
                  ^
hello_world.c:236:18: warning: unused variable 'p3' [-Wunused-variable]
     long p1, p2, p3;
                  ^
hello_world.c:236:14: warning: unused variable 'p2' [-Wunused-variable]
     long p1, p2, p3;
              ^
hello_world.c:235:17: warning: unused variable 'ptr2' [-Wunused-variable]
     char *ptr, *ptr2;
                 ^
hello_world.c:234:6: warning: unused variable 'fifospace' [-Wunused-variable]
  int fifospace;
      ^
hello_world.c: At top level:
hello_world.c:126:12: warning: 'curr_file' defined but not used [-Wunused-variable]
 static FIL curr_file;
            ^
Info: Linking Lab2_WAVEPLAYER.elf
nios2-elf-g++  -T'../Lab2_WAVEPLAYER_bsp//linker.x' -msys-crt0='../Lab2_WAVEPLAYER_bsp//obj/HAL/src/crt0.o' -msys-lib=hal_bsp -L../Lab2_WAVEPLAYER_bsp/   -Wl,-Map=Lab2_WAVEPLAYER.map   -O0 -g -Wall   -mno-hw-div -mhw-mul -mno-hw-mulx  -o Lab2_WAVEPLAYER.elf obj/default/fatfs.o obj/default/fatfs_diskio.o obj/default/fatfs_nios2_de0_nano_spi.o obj/default/fatfs_nios2_de1_pio.o obj/default/fatfs_nios2_de1_spi.o obj/default/ff.o obj/default/hello_world.o obj/default/monitor.o obj/default/uart_nios2.o -lm -msys-lib=m
nios2-elf-insert Lab2_WAVEPLAYER.elf --thread_model hal --cpu_name nios2_gen2_0 --qsys true --simulation_enabled false --id 0 --sidp 0x1001140 --timestamp 1652189717 --stderr_dev jtag_uart_0 --stdin_dev jtag_uart_0 --stdout_dev jtag_uart_0 --sopc_system_name QD1 --quartus_project_dir "C:/Users/mlostler/ECE-224/LogicalStep" --jdi ../..//output_files/LogicalStep_top.jdi --sopcinfo C:/Users/mlostler/ECE-224/LogicalStep/software/Lab2_WAVEPLAYER_bsp/../../QD1.sopcinfo
Info: (Lab2_WAVEPLAYER.elf) 124 KBytes program size (code + initialized data).
Info:                       8064 KBytes free for stack + heap.
Info: Creating Lab2_WAVEPLAYER.objdump
nios2-elf-objdump --disassemble --syms --all-header --source Lab2_WAVEPLAYER.elf >Lab2_WAVEPLAYER.objdump
[Lab2_WAVEPLAYER build complete]

18:54:15 Build Finished (took 2s.157ms)

